Determining if the pthread_create exist failed with the following output:
Change Dir: /home/user/catkin_ws/src/my_catkin_ws_python3/build/CMakeFiles/CMakeTmp

Run Build Command:"/usr/bin/make" "cmTC_3307f/fast"
/usr/bin/make -f CMakeFiles/cmTC_3307f.dir/build.make CMakeFiles/cmTC_3307f.dir/build
make[1]: Entering directory '/home/user/catkin_ws/src/my_catkin_ws_python3/build/CMakeFiles/CMakeTmp'
Building C object CMakeFiles/cmTC_3307f.dir/CheckSymbolExists.c.o
/usr/bin/cc     -o CMakeFiles/cmTC_3307f.dir/CheckSymbolExists.c.o   -c /home/user/catkin_ws/src/my_catkin_ws_python3/build/CMakeFiles/CMakeTmp/CheckSymbolExists.c
Linking C executable cmTC_3307f
/usr/bin/cmake -E cmake_link_script CMakeFiles/cmTC_3307f.dir/link.txt --verbose=1
/usr/bin/cc       CMakeFiles/cmTC_3307f.dir/CheckSymbolExists.c.o  -o cmTC_3307f -rdynamic 
CMakeFiles/cmTC_3307f.dir/CheckSymbolExists.c.o: In function `main':
CheckSymbolExists.c:(.text+0x16): undefined reference to `pthread_create'
collect2: error: ld returned 1 exit status
CMakeFiles/cmTC_3307f.dir/build.make:97: recipe for target 'cmTC_3307f' failed
make[1]: *** [cmTC_3307f] Error 1
make[1]: Leaving directory '/home/user/catkin_ws/src/my_catkin_ws_python3/build/CMakeFiles/CMakeTmp'
Makefile:126: recipe for target 'cmTC_3307f/fast' failed
make: *** [cmTC_3307f/fast] Error 2

File /home/user/catkin_ws/src/my_catkin_ws_python3/build/CMakeFiles/CMakeTmp/CheckSymbolExists.c:
/* */
#include <pthread.h>

int main(int argc, char** argv)
{
  (void)argv;
#ifndef pthread_create
  return ((int*)(&pthread_create))[argc];
#else
  (void)argc;
  return 0;
#endif
}

Determining if the function pthread_create exists in the pthreads failed with the following output:
Change Dir: /home/user/catkin_ws/src/my_catkin_ws_python3/build/CMakeFiles/CMakeTmp

Run Build Command:"/usr/bin/make" "cmTC_59644/fast"
/usr/bin/make -f CMakeFiles/cmTC_59644.dir/build.make CMakeFiles/cmTC_59644.dir/build
make[1]: Entering directory '/home/user/catkin_ws/src/my_catkin_ws_python3/build/CMakeFiles/CMakeTmp'
Building C object CMakeFiles/cmTC_59644.dir/CheckFunctionExists.c.o
/usr/bin/cc    -DCHECK_FUNCTION_EXISTS=pthread_create   -o CMakeFiles/cmTC_59644.dir/CheckFunctionExists.c.o   -c /usr/share/cmake-3.5/Modules/CheckFunctionExists.c
Linking C executable cmTC_59644
/usr/bin/cmake -E cmake_link_script CMakeFiles/cmTC_59644.dir/link.txt --verbose=1
/usr/bin/cc   -DCHECK_FUNCTION_EXISTS=pthread_create    CMakeFiles/cmTC_59644.dir/CheckFunctionExists.c.o  -o cmTC_59644 -rdynamic -lpthreads 
/usr/bin/ld: cannot find -lpthreads
collect2: error: ld returned 1 exit status
CMakeFiles/cmTC_59644.dir/build.make:97: recipe for target 'cmTC_59644' failed
make[1]: *** [cmTC_59644] Error 1
make[1]: Leaving directory '/home/user/catkin_ws/src/my_catkin_ws_python3/build/CMakeFiles/CMakeTmp'
Makefile:126: recipe for target 'cmTC_59644/fast' failed
make: *** [cmTC_59644/fast] Error 2


